23:17:01.315 [main] INFO  testCases.TC_AccountRegTest - ****Startin Test****
23:17:01.407 [main] INFO  testCases.TC_AccountRegTest - ****click****
23:17:01.737 [main] INFO  testCases.TC_AccountRegTest - ****my account****
23:17:04.685 [main] INFO  testCases.TC_AccountRegTest - ****validation****
23:17:04.687 [main] INFO  testCases.TC_AccountRegTest - ****Finished****
22:34:54.583 [main] INFO  testCases.TC_AccountRegTest - ****Startin Test****
22:34:54.772 [main] INFO  testCases.TC_AccountRegTest - ****click****
22:34:55.133 [main] INFO  testCases.TC_AccountRegTest - ****my account****
22:34:58.129 [main] INFO  testCases.TC_AccountRegTest - ****validation****
22:34:58.138 [main] INFO  testCases.TC_AccountRegTest - ****Finished****
22:41:30.485 [main] INFO  testCases.TC_AccountRegTest - ****Startin Test****
22:41:30.655 [main] INFO  testCases.TC_AccountRegTest - ****click****
22:41:31.006 [main] INFO  testCases.TC_AccountRegTest - ****my account****
22:41:34.012 [main] INFO  testCases.TC_AccountRegTest - ****validation****
22:41:34.014 [main] INFO  testCases.TC_AccountRegTest - ****Finished****
22:58:34.542 [main] INFO  testCases.TC_AccountRegTest - ****Startin Test****
22:58:34.735 [main] INFO  testCases.TC_AccountRegTest - ****click****
22:58:35.051 [main] INFO  testCases.TC_AccountRegTest - ****my account****
22:58:38.071 [main] INFO  testCases.TC_AccountRegTest - ****validation****
22:58:38.074 [main] INFO  testCases.TC_AccountRegTest - ****Finished****
22:59:14.883 [main] INFO  testCases.TC_AccountRegTest - ****Startin Test****
22:59:14.992 [main] INFO  testCases.TC_AccountRegTest - ****click****
22:59:15.358 [main] INFO  testCases.TC_AccountRegTest - ****my account****
22:59:18.333 [main] INFO  testCases.TC_AccountRegTest - ****validation****
22:59:18.335 [main] INFO  testCases.TC_AccountRegTest - ****Finished****
23:05:05.087 [TestNG-tests-1] INFO  testCases.TC_AccountRegTest - ****Startin Test****
23:05:05.529 [TestNG-tests-1] INFO  testCases.TC_AccountRegTest - ****click****
23:05:06.014 [TestNG-tests-2] INFO  testCases.TC_AccountRegTest - ****Startin Test****
23:05:06.134 [TestNG-tests-1] INFO  testCases.TC_AccountRegTest - ****my account****
23:05:06.144 [TestNG-tests-2] INFO  testCases.TC_AccountRegTest - ****click****
23:05:06.723 [TestNG-tests-2] INFO  testCases.TC_AccountRegTest - ****my account****
23:05:09.747 [TestNG-tests-1] INFO  testCases.TC_AccountRegTest - ****validation****
23:05:09.750 [TestNG-tests-1] INFO  testCases.TC_AccountRegTest - ****Finished****
23:05:10.173 [TestNG-tests-2] INFO  testCases.TC_AccountRegTest - ****validation****
23:05:10.173 [TestNG-tests-2] INFO  testCases.TC_AccountRegTest - ****Finished****
11:37:41.810 [main] INFO  testCases.TC_AccountRegTest - ****Startin Test****
11:37:41.961 [main] INFO  testCases.TC_AccountRegTest - ****click****
11:37:42.313 [main] INFO  testCases.TC_AccountRegTest - ****my account****
11:37:45.280 [main] INFO  testCases.TC_AccountRegTest - ****validation****
11:37:45.282 [main] INFO  testCases.TC_AccountRegTest - ****Finished****
12:24:21.252 [main] INFO  testCases.TC_AccountRegTest - ****Startin Test****
12:24:21.357 [main] INFO  testCases.TC_AccountRegTest - ****click****
12:24:21.725 [main] INFO  testCases.TC_AccountRegTest - ****my account****
12:24:24.654 [main] INFO  testCases.TC_AccountRegTest - ****validation****
12:24:24.658 [main] INFO  testCases.TC_AccountRegTest - ****Finished****
12:26:54.065 [main] INFO  testCases.TC_AccountRegTest - ****Startin Test****
12:26:54.238 [main] INFO  testCases.TC_AccountRegTest - ****click****
12:26:54.571 [main] INFO  testCases.TC_AccountRegTest - ****my account****
12:26:57.534 [main] INFO  testCases.TC_AccountRegTest - ****validation****
12:26:57.536 [main] INFO  testCases.TC_AccountRegTest - ****Finished****
12:29:13.861 [main] INFO  testCases.TC_AccountRegTest - ****Startin Test****
12:29:14.045 [main] INFO  testCases.TC_AccountRegTest - ****click****
12:29:14.388 [main] INFO  testCases.TC_AccountRegTest - ****my account****
12:29:25.198 [main] INFO  testCases.TC_AccountRegTest - ****validation****
12:30:59.468 [main] INFO  testCases.TC_AccountRegTest - ****Startin Test****
12:30:59.566 [main] INFO  testCases.TC_AccountRegTest - ****click****
12:31:03.905 [main] INFO  testCases.TC_AccountRegTest - ****my account****
12:31:13.950 [main] ERROR testCases.TC_AccountRegTest - **** Test failed****
12:31:57.699 [main] INFO  testCases.TC_AccountRegTest - ****Startin Test****
12:31:57.810 [main] INFO  testCases.TC_AccountRegTest - ****click****
12:31:58.180 [main] INFO  testCases.TC_AccountRegTest - ****my account****
12:32:01.120 [main] INFO  testCases.TC_AccountRegTest - ****validation****
12:32:01.120 [main] INFO  testCases.TC_AccountRegTest - ****Finished****
22:42:24.323 [main] INFO  testCases.TC_LoginTest - *****Test Started****
22:42:25.375 [main] INFO  testCases.TC_LoginTest - ***Login test finished*****
23:45:27.473 [main] INFO  testCases.TC_DataProviderTest - ***start DDT****
23:45:28.335 [main] INFO  testCases.TC_DataProviderTest - ***finished DDT****
23:45:28.346 [main] INFO  testCases.TC_DataProviderTest - ***start DDT****
23:45:38.657 [main] INFO  testCases.TC_DataProviderTest - ***start DDT****
23:45:48.939 [main] INFO  testCases.TC_DataProviderTest - ***start DDT****
23:45:59.214 [main] INFO  testCases.TC_DataProviderTest - ***start DDT****
23:47:51.944 [main] INFO  testCases.TC_DataProviderTest - ***start DDT****
23:47:52.949 [main] INFO  testCases.TC_DataProviderTest - ***finished DDT****
23:47:52.961 [main] INFO  testCases.TC_DataProviderTest - ***start DDT****
23:48:03.196 [main] INFO  testCases.TC_DataProviderTest - ***start DDT****
23:48:13.488 [main] INFO  testCases.TC_DataProviderTest - ***start DDT****
23:48:23.691 [main] INFO  testCases.TC_DataProviderTest - ***start DDT****
23:51:41.491 [main] INFO  testCases.TC_DataProviderTest - ***start DDT****
23:51:42.382 [main] INFO  testCases.TC_DataProviderTest - ***finished DDT****
23:51:42.396 [main] INFO  testCases.TC_DataProviderTest - ***start DDT****
23:51:52.617 [main] INFO  testCases.TC_DataProviderTest - ***start DDT****
23:52:02.885 [main] INFO  testCases.TC_DataProviderTest - ***start DDT****
23:52:13.145 [main] INFO  testCases.TC_DataProviderTest - ***start DDT****
21:10:22.755 [main] INFO  testCases.TC_DataProviderTest - ***start DDT****
21:10:23.846 [main] INFO  testCases.TC_DataProviderTest - ***finished DDT****
21:10:23.864 [main] INFO  testCases.TC_DataProviderTest - ***start DDT****
21:10:34.145 [main] INFO  testCases.TC_DataProviderTest - ***start DDT****
21:10:44.430 [main] INFO  testCases.TC_DataProviderTest - ***start DDT****
21:10:54.626 [main] INFO  testCases.TC_DataProviderTest - ***start DDT****
21:30:28.100 [main] INFO  testCases.TC_DataProviderTest - ***start DDT****
21:30:29.328 [main] INFO  testCases.TC_DataProviderTest - ***finished DDT****
21:30:29.355 [main] INFO  testCases.TC_DataProviderTest - ***start DDT****
21:30:40.290 [main] INFO  testCases.TC_DataProviderTest - ***start DDT****
21:30:51.182 [main] INFO  testCases.TC_DataProviderTest - ***start DDT****
21:31:02.022 [main] INFO  testCases.TC_DataProviderTest - ***start DDT****
21:34:51.194 [main] INFO  testCases.TC_DataProviderTest - ***start DDT****
21:34:52.448 [main] INFO  testCases.TC_DataProviderTest - ***finished DDT****
21:34:52.467 [main] INFO  testCases.TC_DataProviderTest - ***start DDT****
21:35:03.445 [main] INFO  testCases.TC_DataProviderTest - ***start DDT****
21:35:14.335 [main] INFO  testCases.TC_DataProviderTest - ***start DDT****
21:35:25.190 [main] INFO  testCases.TC_DataProviderTest - ***start DDT****
21:37:21.962 [main] INFO  testCases.TC_DataProviderTest - ***start DDT****
21:37:23.555 [main] INFO  testCases.TC_DataProviderTest - ***start DDT****
21:37:34.344 [main] INFO  testCases.TC_DataProviderTest - ***finished DDT****
21:37:34.348 [main] INFO  testCases.TC_DataProviderTest - ***start DDT****
21:37:45.069 [main] INFO  testCases.TC_DataProviderTest - ***finished DDT****
21:37:45.069 [main] INFO  testCases.TC_DataProviderTest - ***start DDT****
21:37:55.798 [main] INFO  testCases.TC_DataProviderTest - ***finished DDT****
21:37:55.801 [main] INFO  testCases.TC_DataProviderTest - ***start DDT****
21:38:06.536 [main] INFO  testCases.TC_DataProviderTest - ***finished DDT****
21:40:49.480 [main] INFO  testCases.TC_DataProviderTest - ***start DDT****
21:40:50.877 [main] INFO  testCases.TC_DataProviderTest - ***start DDT****
21:41:01.656 [main] INFO  testCases.TC_DataProviderTest - ***finished DDT****
21:41:01.660 [main] INFO  testCases.TC_DataProviderTest - ***start DDT****
21:41:12.389 [main] INFO  testCases.TC_DataProviderTest - ***finished DDT****
21:41:12.389 [main] INFO  testCases.TC_DataProviderTest - ***start DDT****
21:41:23.121 [main] INFO  testCases.TC_DataProviderTest - ***finished DDT****
21:41:23.125 [main] INFO  testCases.TC_DataProviderTest - ***start DDT****
21:41:33.871 [main] INFO  testCases.TC_DataProviderTest - ***finished DDT****
09:07:29.953 [main] INFO  testCases.TC_DataProviderTest - ***start DDT****
09:07:32.448 [main] INFO  testCases.TC_DataProviderTest - ***start DDT****
09:07:43.824 [main] INFO  testCases.TC_DataProviderTest - ***finished DDT****
09:07:43.841 [main] INFO  testCases.TC_DataProviderTest - ***start DDT****
09:07:54.813 [main] INFO  testCases.TC_DataProviderTest - ***finished DDT****
09:07:54.813 [main] INFO  testCases.TC_DataProviderTest - ***start DDT****
09:08:05.549 [main] INFO  testCases.TC_DataProviderTest - ***finished DDT****
09:08:05.551 [main] INFO  testCases.TC_DataProviderTest - ***start DDT****
09:08:16.284 [main] INFO  testCases.TC_DataProviderTest - ***finished DDT****
09:09:35.344 [main] INFO  testCases.TC_DataProviderTest - ***start DDT****
09:09:37.255 [main] INFO  testCases.TC_DataProviderTest - ***start DDT****
09:09:48.175 [main] INFO  testCases.TC_DataProviderTest - ***finished DDT****
09:09:48.179 [main] INFO  testCases.TC_DataProviderTest - ***start DDT****
09:09:59.124 [main] INFO  testCases.TC_DataProviderTest - ***finished DDT****
09:09:59.124 [main] INFO  testCases.TC_DataProviderTest - ***start DDT****
09:10:10.078 [main] INFO  testCases.TC_DataProviderTest - ***finished DDT****
09:10:10.082 [main] INFO  testCases.TC_DataProviderTest - ***start DDT****
09:10:20.841 [main] INFO  testCases.TC_DataProviderTest - ***finished DDT****
09:11:33.667 [main] INFO  testCases.TC_DataProviderTest - ***start DDT****
09:11:35.360 [main] INFO  testCases.TC_DataProviderTest - ***start DDT****
09:11:46.180 [main] INFO  testCases.TC_DataProviderTest - ***finished DDT****
09:11:46.184 [main] INFO  testCases.TC_DataProviderTest - ***start DDT****
09:11:56.944 [main] INFO  testCases.TC_DataProviderTest - ***finished DDT****
09:11:56.946 [main] INFO  testCases.TC_DataProviderTest - ***start DDT****
09:12:07.701 [main] INFO  testCases.TC_DataProviderTest - ***finished DDT****
09:12:07.705 [main] INFO  testCases.TC_DataProviderTest - ***start DDT****
09:12:18.392 [main] INFO  testCases.TC_DataProviderTest - ***finished DDT****
21:51:02.190 [main] INFO  testCases.TC_DataProviderTest - ***start DDT****
21:51:03.732 [main] INFO  testCases.TC_DataProviderTest - ***start DDT****
21:51:14.489 [main] INFO  testCases.TC_DataProviderTest - ***finished DDT****
21:51:14.493 [main] INFO  testCases.TC_DataProviderTest - ***start DDT****
21:51:25.204 [main] INFO  testCases.TC_DataProviderTest - ***finished DDT****
21:51:25.219 [main] INFO  testCases.TC_DataProviderTest - ***start DDT****
21:51:35.955 [main] INFO  testCases.TC_DataProviderTest - ***finished DDT****
21:51:35.959 [main] INFO  testCases.TC_DataProviderTest - ***start DDT****
21:51:46.731 [main] INFO  testCases.TC_DataProviderTest - ***finished DDT****
21:55:06.193 [main] INFO  testCases.TC_DataProviderTest - ***start DDT****
21:55:07.720 [main] INFO  testCases.TC_DataProviderTest - ***start DDT****
21:55:18.463 [main] INFO  testCases.TC_DataProviderTest - ***finished DDT****
21:55:18.466 [main] INFO  testCases.TC_DataProviderTest - ***start DDT****
21:55:29.188 [main] INFO  testCases.TC_DataProviderTest - ***finished DDT****
21:55:29.191 [main] INFO  testCases.TC_DataProviderTest - ***start DDT****
21:55:39.932 [main] INFO  testCases.TC_DataProviderTest - ***finished DDT****
21:55:39.932 [main] INFO  testCases.TC_DataProviderTest - ***start DDT****
21:55:50.690 [main] INFO  testCases.TC_DataProviderTest - ***finished DDT****
22:15:50.079 [main] INFO  testCases.TC_AccountRegTest - ****Startin Test****
22:15:50.202 [main] INFO  testCases.TC_AccountRegTest - ****click****
22:15:50.610 [main] INFO  testCases.TC_AccountRegTest - ****my account****
22:15:53.665 [main] INFO  testCases.TC_AccountRegTest - ****validation****
22:15:53.669 [main] INFO  testCases.TC_AccountRegTest - ****Finished****
22:16:08.690 [main] INFO  testCases.TC_LoginTest - *****Test Started****
22:16:09.710 [main] INFO  testCases.TC_LoginTest - ***Login test finished*****
23:13:26.425 [main] INFO  testCases.TC_AccountRegTest - ****Startin Test****
23:13:36.471 [main] ERROR testCases.TC_AccountRegTest - **** Test failed****
23:13:44.363 [main] INFO  testCases.TC_LoginTest - *****Test Started****
23:36:00.048 [main] INFO  testCases.TC_AccountRegTest - ****Startin Test****
23:36:00.134 [main] INFO  testCases.TC_AccountRegTest - ****click****
23:36:00.467 [main] INFO  testCases.TC_AccountRegTest - ****my account****
23:36:03.393 [main] INFO  testCases.TC_AccountRegTest - ****validation****
23:36:03.395 [main] INFO  testCases.TC_AccountRegTest - ****Finished****
23:36:06.577 [main] INFO  testCases.TC_LoginTest - *****Test Started****
23:36:07.588 [main] INFO  testCases.TC_LoginTest - ***Login test finished*****
23:39:35.876 [main] INFO  testCases.TC_AccountRegTest - ****Startin Test****
23:39:36.028 [main] INFO  testCases.TC_AccountRegTest - ****click****
23:39:36.365 [main] INFO  testCases.TC_AccountRegTest - ****my account****
23:39:39.301 [main] INFO  testCases.TC_AccountRegTest - ****validation****
23:39:39.304 [main] INFO  testCases.TC_AccountRegTest - ****Finished****
23:39:43.585 [main] INFO  testCases.TC_LoginTest - *****Test Started****
23:39:44.500 [main] INFO  testCases.TC_LoginTest - ***Login test finished*****
23:44:43.250 [main] INFO  testCases.TC_AccountRegTest - ****Startin Test****
23:44:43.419 [main] INFO  testCases.TC_AccountRegTest - ****click****
23:44:43.751 [main] INFO  testCases.TC_AccountRegTest - ****my account****
23:44:46.685 [main] INFO  testCases.TC_AccountRegTest - ****validation****
23:44:46.689 [main] INFO  testCases.TC_AccountRegTest - ****Finished****
23:44:51.118 [main] INFO  testCases.TC_LoginTest - *****Test Started****
23:44:52.120 [main] INFO  testCases.TC_LoginTest - ***Login test finished*****
